2023.09.20 21:39:17 INFO  Started: Metals version 1.0.1 in folders '/home/tryfonm/spark-k8s-demo' for client Visual Studio Code 1.82.2.[0m
Sep 20, 2023 9:39:17 PM org.flywaydb.core.internal.license.VersionPrinter printVersionOnly
INFO: Flyway Community Edition 9.21.2 by Redgate
Sep 20, 2023 9:39:17 PM org.flywaydb.core.internal.license.VersionPrinter printVersion
INFO: See release notes here: https://rd.gt/416ObMi
Sep 20, 2023 9:39:17 PM org.flywaydb.core.internal.license.VersionPrinter printVersion
INFO: 
Sep 20, 2023 9:39:17 PM org.flywaydb.core.FlywayExecutor execute
INFO: Database: jdbc:h2:file:/home/tryfonm/spark-k8s-demo/.metals/metals (H2 2.1)
Sep 20, 2023 9:39:17 PM org.flywaydb.core.internal.schemahistory.JdbcTableSchemaHistory allAppliedMigrations
INFO: Schema history table "PUBLIC"."flyway_schema_history" does not exist yet
Sep 20, 2023 9:39:17 PM org.flywaydb.core.internal.command.DbValidate validate
INFO: Successfully validated 4 migrations (execution time 00:00.017s)
Sep 20, 2023 9:39:17 PM org.flywaydb.core.internal.schemahistory.JdbcTableSchemaHistory create
INFO: Creating Schema History table "PUBLIC"."flyway_schema_history" ...
Sep 20, 2023 9:39:18 PM org.flywaydb.core.internal.command.DbMigrate migrateGroup
INFO: Current version of schema "PUBLIC": << Empty Schema >>
Sep 20, 2023 9:39:18 PM org.flywaydb.core.internal.command.DbMigrate doMigrateGroup
INFO: Migrating schema "PUBLIC" to version "1 - Create tables"
Sep 20, 2023 9:39:18 PM org.flywaydb.core.internal.command.DbMigrate doMigrateGroup
INFO: Migrating schema "PUBLIC" to version "2 - Server discovery"
Sep 20, 2023 9:39:18 PM org.flywaydb.core.internal.command.DbMigrate doMigrateGroup
INFO: Migrating schema "PUBLIC" to version "3 - Jar symbols"
Sep 20, 2023 9:39:18 PM org.flywaydb.core.internal.command.DbMigrate doMigrateGroup
INFO: Migrating schema "PUBLIC" to version "4 - Fingerprints"
Sep 20, 2023 9:39:18 PM org.flywaydb.core.internal.command.DbMigrate logSummary
INFO: Successfully applied 4 migrations to schema "PUBLIC", now at version v4 (execution time 00:00.018s)
2023.09.20 21:39:18 INFO  time: initialize in 0.61s[0m
2023.09.20 21:39:19 WARN  Build server is not auto-connectable.[0m
2023.09.20 21:39:19 WARN  no build tool detected in workspace '/home/tryfonm/spark-k8s-demo'. The most common cause for this problem is that the editor was opened in the wrong working directory, for example if you use sbt then the workspace directory should contain build.sbt. [0m
Sep 20, 2023 9:43:11 PM org.eclipse.lsp4j.jsonrpc.services.GenericEndpoint notify
INFO: Unsupported notification method: $/setTrace
Sep 20, 2023 9:43:11 PM org.eclipse.lsp4j.jsonrpc.services.GenericEndpoint notify
INFO: Unsupported notification method: $/setTrace
Sep 20, 2023 9:52:12 PM org.eclipse.lsp4j.jsonrpc.services.GenericEndpoint notify
INFO: Unsupported notification method: $/setTrace
2023.09.20 21:52:19 INFO  Shutting down server[0m
2023.09.20 21:52:19 INFO  shutting down Metals[0m
2023.09.20 21:52:19 INFO  Exiting server[0m
